# JRE version: OpenJDK Runtime Environment (11.0.11+9) (build 11.0.11+9-Ubuntu-0ubuntu2.20.04)
# Java VM: OpenJDK 64-Bit Server VM (11.0.11+9-Ubuntu-0ubuntu2.20.04, mixed mode, sharing, tiered, compressed oops, parallel gc, linux-amd64)
Heap:
 PSYoungGen      total 13824K, used 2031K [0x00000000eab00000, 0x00000000ec480000, 0x0000000100000000)
  eden space 11776K, 0% used [0x00000000eab00000,0x00000000eab00000,0x00000000eb680000)
  from space 2048K, 99% used [0x00000000eb680000,0x00000000eb87bc50,0x00000000eb880000)
  to   space 6144K, 0% used [0x00000000ebe80000,0x00000000ebe80000,0x00000000ec480000)
 ParOldGen       total 348160K, used 346822K [0x00000000c0000000, 0x00000000d5400000, 0x00000000eab00000)
  object space 348160K, 99% used [0x00000000c0000000,0x00000000d52b1ab0,0x00000000d5400000)
 Metaspace       used 81179K, capacity 85269K, committed 85848K, reserved 1126400K
  class space    used 7675K, capacity 9190K, committed 9304K, reserved 1048576K
GC Heap History (20 events):
Event: 15997,874 GC heap after
{Heap after GC invocations=686 (full 17):
 PSYoungGen      total 15360K, used 4672K [0x00000000eab00000, 0x00000000ec200000, 0x0000000100000000)
  eden space 10240K, 0% used [0x00000000eab00000,0x00000000eab00000,0x00000000eb500000)
  from space 5120K, 91% used [0x00000000ebd00000,0x00000000ec190000,0x00000000ec200000)
  to   space 5632K, 0% used [0x00000000eb700000,0x00000000eb700000,0x00000000ebc80000)
 ParOldGen       total 348160K, used 332724K [0x00000000c0000000, 0x00000000d5400000, 0x00000000eab00000)
  object space 348160K, 95% used [0x00000000c0000000,0x00000000d44ed3b0,0x00000000d5400000)
 Metaspace       used 81167K, capacity 85266K, committed 85848K, reserved 1126400K
  class space    used 7675K, capacity 9190K, committed 9304K, reserved 1048576K
}
Event: 15997,926 GC heap before
{Heap before GC invocations=687 (full 17):
 PSYoungGen      total 15360K, used 14912K [0x00000000eab00000, 0x00000000ec200000, 0x0000000100000000)
  eden space 10240K, 100% used [0x00000000eab00000,0x00000000eb500000,0x00000000eb500000)
  from space 5120K, 91% used [0x00000000ebd00000,0x00000000ec190000,0x00000000ec200000)
  to   space 5632K, 0% used [0x00000000eb700000,0x00000000eb700000,0x00000000ebc80000)
 ParOldGen       total 348160K, used 332724K [0x00000000c0000000, 0x00000000d5400000, 0x00000000eab00000)
  object space 348160K, 95% used [0x00000000c0000000,0x00000000d44ed3b0,0x00000000d5400000)
 Metaspace       used 81167K, capacity 85266K, committed 85848K, reserved 1126400K
  class space    used 7675K, capacity 9190K, committed 9304K, reserved 1048576K
}
Event: 15997,935 GC heap after
{Heap after GC invocations=687 (full 17):
 PSYoungGen      total 10752K, used 160K [0x00000000eab00000, 0x00000000ebd80000, 0x0000000100000000)
  eden space 10240K, 0% used [0x00000000eab00000,0x00000000eab00000,0x00000000eb500000)
  from space 512K, 31% used [0x00000000eb700000,0x00000000eb728000,0x00000000eb780000)
  to   space 2048K, 0% used [0x00000000ebb80000,0x00000000ebb80000,0x00000000ebd80000)
 ParOldGen       total 348160K, used 337303K [0x00000000c0000000, 0x00000000d5400000, 0x00000000eab00000)
  object space 348160K, 96% used [0x00000000c0000000,0x00000000d4965c70,0x00000000d5400000)
 Metaspace       used 81167K, capacity 85266K, committed 85848K, reserved 1126400K
  class space    used 7675K, capacity 9190K, committed 9304K, reserved 1048576K
}
Event: 15999,133 GC heap before
{Heap before GC invocations=688 (full 17):
 PSYoungGen      total 10752K, used 10400K [0x00000000eab00000, 0x00000000ebd80000, 0x0000000100000000)
  eden space 10240K, 100% used [0x00000000eab00000,0x00000000eb500000,0x00000000eb500000)
  from space 512K, 31% used [0x00000000eb700000,0x00000000eb728000,0x00000000eb780000)
  to   space 2048K, 0% used [0x00000000ebb80000,0x00000000ebb80000,0x00000000ebd80000)
 ParOldGen       total 348160K, used 337303K [0x00000000c0000000, 0x00000000d5400000, 0x00000000eab00000)
  object space 348160K, 96% used [0x00000000c0000000,0x00000000d4965c70,0x00000000d5400000)
 Metaspace       used 81172K, capacity 85268K, committed 85848K, reserved 1126400K
  class space    used 7675K, capacity 9190K, committed 9304K, reserved 1048576K
}
Event: 15999,141 GC heap after
{Heap after GC invocations=688 (full 17):
 PSYoungGen      total 12288K, used 1552K [0x00000000eab00000, 0x00000000ebd80000, 0x0000000100000000)
  eden space 10240K, 0% used [0x00000000eab00000,0x00000000eab00000,0x00000000eb500000)
  from space 2048K, 75% used [0x00000000ebb80000,0x00000000ebd04010,0x00000000ebd80000)
  to   space 2048K, 0% used [0x00000000eb980000,0x00000000eb980000,0x00000000ebb80000)
 ParOldGen       total 348160K, used 337319K [0x00000000c0000000, 0x00000000d5400000, 0x00000000eab00000)
  object space 348160K, 96% used [0x00000000c0000000,0x00000000d4969c70,0x00000000d5400000)
 Metaspace       used 81172K, capacity 85268K, committed 85848K, reserved 1126400K
  class space    used 7675K, capacity 9190K, committed 9304K, reserved 1048576K
}
Event: 15999,591 GC heap before
{Heap before GC invocations=689 (full 17):
 PSYoungGen      total 12288K, used 11792K [0x00000000eab00000, 0x00000000ebd80000, 0x0000000100000000)
  eden space 10240K, 99% used [0x00000000eab00000,0x00000000eb4ffff8,0x00000000eb500000)
  from space 2048K, 75% used [0x00000000ebb80000,0x00000000ebd04010,0x00000000ebd80000)
  to   space 2048K, 0% used [0x00000000eb980000,0x00000000eb980000,0x00000000ebb80000)
 ParOldGen       total 348160K, used 337319K [0x00000000c0000000, 0x00000000d5400000, 0x00000000eab00000)
  object space 348160K, 96% used [0x00000000c0000000,0x00000000d4969c70,0x00000000d5400000)
 Metaspace       used 81172K, capacity 85268K, committed 85848K, reserved 1126400K
  class space    used 7675K, capacity 9190K, committed 9304K, reserved 1048576K
}
Event: 15999,614 GC heap after
{Heap after GC invocations=689 (full 17):
 PSYoungGen      total 11776K, used 1536K [0x00000000eab00000, 0x00000000ebc00000, 0x0000000100000000)
  eden space 10240K, 0% used [0x00000000eab00000,0x00000000eab00000,0x00000000eb500000)
  from space 1536K, 100% used [0x00000000eb980000,0x00000000ebb00000,0x00000000ebb00000)
  to   space 1024K, 0% used [0x00000000ebb00000,0x00000000ebb00000,0x00000000ebc00000)
 ParOldGen       total 348160K, used 337383K [0x00000000c0000000, 0x00000000d5400000, 0x00000000eab00000)
  object space 348160K, 96% used [0x00000000c0000000,0x00000000d4979db0,0x00000000d5400000)
 Metaspace       used 81172K, capacity 85268K, committed 85848K, reserved 1126400K
  class space    used 7675K, capacity 9190K, committed 9304K, reserved 1048576K
}
Event: 15999,845 GC heap before
{Heap before GC invocations=690 (full 17):
 PSYoungGen      total 11776K, used 11776K [0x00000000eab00000, 0x00000000ebc00000, 0x0000000100000000)
  eden space 10240K, 100% used [0x00000000eab00000,0x00000000eb500000,0x00000000eb500000)
  from space 1536K, 100% used [0x00000000eb980000,0x00000000ebb00000,0x00000000ebb00000)
  to   space 1024K, 0% used [0x00000000ebb00000,0x00000000ebb00000,0x00000000ebc00000)
 ParOldGen       total 348160K, used 337383K [0x00000000c0000000, 0x00000000d5400000, 0x00000000eab00000)
  object space 348160K, 96% used [0x00000000c0000000,0x00000000d4979db0,0x00000000d5400000)
 Metaspace       used 81172K, capacity 85268K, committed 85848K, reserved 1126400K
  class space    used 7675K, capacity 9190K, committed 9304K, reserved 1048576K
}
Event: 15999,877 GC heap after
{Heap after GC invocations=690 (full 17):
 PSYoungGen      total 11264K, used 1008K [0x00000000eab00000, 0x00000000ebc00000, 0x0000000100000000)
  eden space 10240K, 0% used [0x00000000eab00000,0x00000000eab00000,0x00000000eb500000)
  from space 1024K, 98% used [0x00000000ebb00000,0x00000000ebbfc010,0x00000000ebc00000)
  to   space 2560K, 0% used [0x00000000eb700000,0x00000000eb700000,0x00000000eb980000)
 ParOldGen       total 348160K, used 338722K [0x00000000c0000000, 0x00000000d5400000, 0x00000000eab00000)
  object space 348160K, 97% used [0x00000000c0000000,0x00000000d4ac88e8,0x00000000d5400000)
 Metaspace       used 81172K, capacity 85268K, committed 85848K, reserved 1126400K
  class space    used 7675K, capacity 9190K, committed 9304K, reserved 1048576K
}
Event: 16003,966 GC heap before
{Heap before GC invocations=691 (full 17):
 PSYoungGen      total 11264K, used 11248K [0x00000000eab00000, 0x00000000ebc00000, 0x0000000100000000)
  eden space 10240K, 100% used [0x00000000eab00000,0x00000000eb500000,0x00000000eb500000)
  from space 1024K, 98% used [0x00000000ebb00000,0x00000000ebbfc010,0x00000000ebc00000)
  to   space 2560K, 0% used [0x00000000eb700000,0x00000000eb700000,0x00000000eb980000)
 ParOldGen       total 348160K, used 338722K [0x00000000c0000000, 0x00000000d5400000, 0x00000000eab00000)
  object space 348160K, 97% used [0x00000000c0000000,0x00000000d4ac88e8,0x00000000d5400000)
 Metaspace       used 81172K, capacity 85268K, committed 85848K, reserved 1126400K
  class space    used 7675K, capacity 9190K, committed 9304K, reserved 1048576K
}
Event: 16003,985 GC heap after
{Heap after GC invocations=691 (full 17):
 PSYoungGen      total 12800K, used 2537K [0x00000000eab00000, 0x00000000ebf00000, 0x0000000100000000)
  eden space 10240K, 0% used [0x00000000eab00000,0x00000000eab00000,0x00000000eb500000)
  from space 2560K, 99% used [0x00000000eb700000,0x00000000eb97a728,0x00000000eb980000)
  to   space 5120K, 0% used [0x00000000eba00000,0x00000000eba00000,0x00000000ebf00000)
 ParOldGen       total 348160K, used 340487K [0x00000000c0000000, 0x00000000d5400000, 0x00000000eab00000)
  object space 348160K, 97% used [0x00000000c0000000,0x00000000d4c81d80,0x00000000d5400000)
 Metaspace       used 81172K, capacity 85268K, committed 85848K, reserved 1126400K
  class space    used 7675K, capacity 9190K, committed 9304K, reserved 1048576K
}
Event: 16004,013 GC heap before
{Heap before GC invocations=692 (full 17):
 PSYoungGen      total 12800K, used 12777K [0x00000000eab00000, 0x00000000ebf00000, 0x0000000100000000)
  eden space 10240K, 100% used [0x00000000eab00000,0x00000000eb500000,0x00000000eb500000)
  from space 2560K, 99% used [0x00000000eb700000,0x00000000eb97a728,0x00000000eb980000)
  to   space 5120K, 0% used [0x00000000eba00000,0x00000000eba00000,0x00000000ebf00000)
 ParOldGen       total 348160K, used 340487K [0x00000000c0000000, 0x00000000d5400000, 0x00000000eab00000)
  object space 348160K, 97% used [0x00000000c0000000,0x00000000d4c81d80,0x00000000d5400000)
 Metaspace       used 81172K, capacity 85268K, committed 85848K, reserved 1126400K
  class space    used 7675K, capacity 9190K, committed 9304K, reserved 1048576K
}
Event: 16004,033 GC heap after
{Heap after GC invocations=692 (full 17):
 PSYoungGen      total 11264K, used 992K [0x00000000eab00000, 0x00000000ebb00000, 0x0000000100000000)
  eden space 10240K, 0% used [0x00000000eab00000,0x00000000eab00000,0x00000000eb500000)
  from space 1024K, 96% used [0x00000000eba00000,0x00000000ebaf8010,0x00000000ebb00000)
  to   space 2560K, 0% used [0x00000000eb600000,0x00000000eb600000,0x00000000eb880000)
 ParOldGen       total 348160K, used 341867K [0x00000000c0000000, 0x00000000d5400000, 0x00000000eab00000)
  object space 348160K, 98% used [0x00000000c0000000,0x00000000d4ddac90,0x00000000d5400000)
 Metaspace       used 81172K, capacity 85268K, committed 85848K, reserved 1126400K
  class space    used 7675K, capacity 9190K, committed 9304K, reserved 1048576K
}
Event: 16004,068 GC heap before
{Heap before GC invocations=693 (full 17):
 PSYoungGen      total 11264K, used 11232K [0x00000000eab00000, 0x00000000ebb00000, 0x0000000100000000)
  eden space 10240K, 100% used [0x00000000eab00000,0x00000000eb500000,0x00000000eb500000)
  from space 1024K, 96% used [0x00000000eba00000,0x00000000ebaf8010,0x00000000ebb00000)
  to   space 2560K, 0% used [0x00000000eb600000,0x00000000eb600000,0x00000000eb880000)
 ParOldGen       total 348160K, used 341867K [0x00000000c0000000, 0x00000000d5400000, 0x00000000eab00000)
  object space 348160K, 98% used [0x00000000c0000000,0x00000000d4ddac90,0x00000000d5400000)
 Metaspace       used 81172K, capacity 85268K, committed 85848K, reserved 1126400K
  class space    used 7675K, capacity 9190K, committed 9304K, reserved 1048576K
}
Event: 16004,086 GC heap after
{Heap after GC invocations=693 (full 17):
 PSYoungGen      total 13824K, used 1776K [0x00000000eab00000, 0x00000000ebb00000, 0x0000000100000000)
  eden space 11264K, 0% used [0x00000000eab00000,0x00000000eab00000,0x00000000eb600000)
  from space 2560K, 69% used [0x00000000eb600000,0x00000000eb7bc010,0x00000000eb880000)
  to   space 2048K, 0% used [0x00000000eb900000,0x00000000eb900000,0x00000000ebb00000)
 ParOldGen       total 348160K, used 342740K [0x00000000c0000000, 0x00000000d5400000, 0x00000000eab00000)
  object space 348160K, 98% used [0x00000000c0000000,0x00000000d4eb5350,0x00000000d5400000)
 Metaspace       used 81172K, capacity 85268K, committed 85848K, reserved 1126400K
  class space    used 7675K, capacity 9190K, committed 9304K, reserved 1048576K
}
Event: 16005,418 GC heap before
{Heap before GC invocations=694 (full 17):
 PSYoungGen      total 13824K, used 13034K [0x00000000eab00000, 0x00000000ebb00000, 0x0000000100000000)
  eden space 11264K, 99% used [0x00000000eab00000,0x00000000eb5fea58,0x00000000eb600000)
  from space 2560K, 69% used [0x00000000eb600000,0x00000000eb7bc010,0x00000000eb880000)
  to   space 2048K, 0% used [0x00000000eb900000,0x00000000eb900000,0x00000000ebb00000)
 ParOldGen       total 348160K, used 342740K [0x00000000c0000000, 0x00000000d5400000, 0x00000000eab00000)
  object space 348160K, 98% used [0x00000000c0000000,0x00000000d4eb5350,0x00000000d5400000)
 Metaspace       used 81179K, capacity 85269K, committed 85848K, reserved 1126400K
  class space    used 7675K, capacity 9190K, committed 9304K, reserved 1048576K
}
Event: 16005,449 GC heap after
{Heap after GC invocations=694 (full 17):
 PSYoungGen      total 12800K, used 1520K [0x00000000eab00000, 0x00000000eba80000, 0x0000000100000000)
  eden space 11264K, 0% used [0x00000000eab00000,0x00000000eab00000,0x00000000eb600000)
  from space 1536K, 98% used [0x00000000eb900000,0x00000000eba7c020,0x00000000eba80000)
  to   space 2048K, 0% used [0x00000000eb680000,0x00000000eb680000,0x00000000eb880000)
 ParOldGen       total 348160K, used 343633K [0x00000000c0000000, 0x00000000d5400000, 0x00000000eab00000)
  object space 348160K, 98% used [0x00000000c0000000,0x00000000d4f94448,0x00000000d5400000)
 Metaspace       used 81179K, capacity 85269K, committed 85848K, reserved 1126400K
  class space    used 7675K, capacity 9190K, committed 9304K, reserved 1048576K
}
Event: 16005,528 GC heap before
{Heap before GC invocations=695 (full 17):
 PSYoungGen      total 12800K, used 12784K [0x00000000eab00000, 0x00000000eba80000, 0x0000000100000000)
  eden space 11264K, 100% used [0x00000000eab00000,0x00000000eb600000,0x00000000eb600000)
  from space 1536K, 98% used [0x00000000eb900000,0x00000000eba7c020,0x00000000eba80000)
  to   space 2048K, 0% used [0x00000000eb680000,0x00000000eb680000,0x00000000eb880000)
 ParOldGen       total 348160K, used 343633K [0x00000000c0000000, 0x00000000d5400000, 0x00000000eab00000)
  object space 348160K, 98% used [0x00000000c0000000,0x00000000d4f94448,0x00000000d5400000)
 Metaspace       used 81179K, capacity 85269K, committed 85848K, reserved 1126400K
  class space    used 7675K, capacity 9190K, committed 9304K, reserved 1048576K
}
Event: 16005,575 GC heap after
{Heap after GC invocations=695 (full 17):
 PSYoungGen      total 13824K, used 2031K [0x00000000eab00000, 0x00000000ec480000, 0x0000000100000000)
  eden space 11776K, 0% used [0x00000000eab00000,0x00000000eab00000,0x00000000eb680000)
  from space 2048K, 99% used [0x00000000eb680000,0x00000000eb87bc50,0x00000000eb880000)
  to   space 6144K, 0% used [0x00000000ebe80000,0x00000000ebe80000,0x00000000ec480000)
 ParOldGen       total 348160K, used 346822K [0x00000000c0000000, 0x00000000d5400000, 0x00000000eab00000)
  object space 348160K, 99% used [0x00000000c0000000,0x00000000d52b1ab0,0x00000000d5400000)
 Metaspace       used 81179K, capacity 85269K, committed 85848K, reserved 1126400K
  class space    used 7675K, capacity 9190K, committed 9304K, reserved 1048576K
}
Event: 16005,575 GC heap before
{Heap before GC invocations=696 (full 18):
 PSYoungGen      total 13824K, used 2031K [0x00000000eab00000, 0x00000000ec480000, 0x0000000100000000)
  eden space 11776K, 0% used [0x00000000eab00000,0x00000000eab00000,0x00000000eb680000)
  from space 2048K, 99% used [0x00000000eb680000,0x00000000eb87bc50,0x00000000eb880000)
  to   space 6144K, 0% used [0x00000000ebe80000,0x00000000ebe80000,0x00000000ec480000)
 ParOldGen       total 348160K, used 346822K [0x00000000c0000000, 0x00000000d5400000, 0x00000000eab00000)
  object space 348160K, 99% used [0x00000000c0000000,0x00000000d52b1ab0,0x00000000d5400000)
 Metaspace       used 81179K, capacity 85269K, committed 85848K, reserved 1126400K
  class space    used 7675K, capacity 9190K, committed 9304K, reserved 1048576K
}

