# JRE version: OpenJDK Runtime Environment (11.0.11+9) (build 11.0.11+9-Ubuntu-0ubuntu2.20.04)
# Java VM: OpenJDK 64-Bit Server VM (11.0.11+9-Ubuntu-0ubuntu2.20.04, mixed mode, sharing, tiered, compressed oops, parallel gc, linux-amd64)
Heap:
 PSYoungGen      total 22016K, used 16462K [0x00000000eab00000, 0x00000000ed480000, 0x0000000100000000)
  eden space 21504K, 75% used [0x00000000eab00000,0x00000000ebaf3888,0x00000000ec000000)
  from space 512K, 25% used [0x00000000ed400000,0x00000000ed420000,0x00000000ed480000)
  to   space 512K, 0% used [0x00000000ed380000,0x00000000ed380000,0x00000000ed400000)
 ParOldGen       total 114688K, used 90832K [0x00000000c0000000, 0x00000000c7000000, 0x00000000eab00000)
  object space 114688K, 79% used [0x00000000c0000000,0x00000000c58b40b8,0x00000000c7000000)
 Metaspace       used 54837K, capacity 57982K, committed 58072K, reserved 1101824K
  class space    used 5417K, capacity 6605K, committed 6616K, reserved 1048576K
GC Heap History (20 events):
Event: 82884,040 GC heap before
{Heap before GC invocations=47 (full 4):
 PSYoungGen      total 22016K, used 21728K [0x00000000eab00000, 0x00000000ed480000, 0x0000000100000000)
  eden space 21504K, 100% used [0x00000000eab00000,0x00000000ec000000,0x00000000ec000000)
  from space 512K, 43% used [0x00000000ed400000,0x00000000ed438000,0x00000000ed480000)
  to   space 512K, 0% used [0x00000000ed380000,0x00000000ed380000,0x00000000ed400000)
 ParOldGen       total 114688K, used 90544K [0x00000000c0000000, 0x00000000c7000000, 0x00000000eab00000)
  object space 114688K, 78% used [0x00000000c0000000,0x00000000c586c0b8,0x00000000c7000000)
 Metaspace       used 54717K, capacity 57884K, committed 58072K, reserved 1101824K
  class space    used 5401K, capacity 6595K, committed 6616K, reserved 1048576K
}
Event: 82884,044 GC heap after
{Heap after GC invocations=47 (full 4):
 PSYoungGen      total 22016K, used 256K [0x00000000eab00000, 0x00000000ed480000, 0x0000000100000000)
  eden space 21504K, 0% used [0x00000000eab00000,0x00000000eab00000,0x00000000ec000000)
  from space 512K, 50% used [0x00000000ed380000,0x00000000ed3c0000,0x00000000ed400000)
  to   space 512K, 0% used [0x00000000ed400000,0x00000000ed400000,0x00000000ed480000)
 ParOldGen       total 114688K, used 90544K [0x00000000c0000000, 0x00000000c7000000, 0x00000000eab00000)
  object space 114688K, 78% used [0x00000000c0000000,0x00000000c586c0b8,0x00000000c7000000)
 Metaspace       used 54717K, capacity 57884K, committed 58072K, reserved 1101824K
  class space    used 5401K, capacity 6595K, committed 6616K, reserved 1048576K
}
Event: 90558,530 GC heap before
{Heap before GC invocations=48 (full 4):
 PSYoungGen      total 22016K, used 21754K [0x00000000eab00000, 0x00000000ed480000, 0x0000000100000000)
  eden space 21504K, 99% used [0x00000000eab00000,0x00000000ebffeaa8,0x00000000ec000000)
  from space 512K, 50% used [0x00000000ed380000,0x00000000ed3c0000,0x00000000ed400000)
  to   space 512K, 0% used [0x00000000ed400000,0x00000000ed400000,0x00000000ed480000)
 ParOldGen       total 114688K, used 90544K [0x00000000c0000000, 0x00000000c7000000, 0x00000000eab00000)
  object space 114688K, 78% used [0x00000000c0000000,0x00000000c586c0b8,0x00000000c7000000)
 Metaspace       used 54717K, capacity 57884K, committed 58072K, reserved 1101824K
  class space    used 5401K, capacity 6595K, committed 6616K, reserved 1048576K
}
Event: 90558,536 GC heap after
{Heap after GC invocations=48 (full 4):
 PSYoungGen      total 22016K, used 256K [0x00000000eab00000, 0x00000000ed480000, 0x0000000100000000)
  eden space 21504K, 0% used [0x00000000eab00000,0x00000000eab00000,0x00000000ec000000)
  from space 512K, 50% used [0x00000000ed400000,0x00000000ed440000,0x00000000ed480000)
  to   space 512K, 0% used [0x00000000ed380000,0x00000000ed380000,0x00000000ed400000)
 ParOldGen       total 114688K, used 90544K [0x00000000c0000000, 0x00000000c7000000, 0x00000000eab00000)
  object space 114688K, 78% used [0x00000000c0000000,0x00000000c586c0b8,0x00000000c7000000)
 Metaspace       used 54717K, capacity 57884K, committed 58072K, reserved 1101824K
  class space    used 5401K, capacity 6595K, committed 6616K, reserved 1048576K
}
Event: 97962,853 GC heap before
{Heap before GC invocations=49 (full 4):
 PSYoungGen      total 22016K, used 21760K [0x00000000eab00000, 0x00000000ed480000, 0x0000000100000000)
  eden space 21504K, 100% used [0x00000000eab00000,0x00000000ec000000,0x00000000ec000000)
  from space 512K, 50% used [0x00000000ed400000,0x00000000ed440000,0x00000000ed480000)
  to   space 512K, 0% used [0x00000000ed380000,0x00000000ed380000,0x00000000ed400000)
 ParOldGen       total 114688K, used 90544K [0x00000000c0000000, 0x00000000c7000000, 0x00000000eab00000)
  object space 114688K, 78% used [0x00000000c0000000,0x00000000c586c0b8,0x00000000c7000000)
 Metaspace       used 54724K, capacity 57884K, committed 58072K, reserved 1101824K
  class space    used 5401K, capacity 6595K, committed 6616K, reserved 1048576K
}
Event: 97962,855 GC heap after
{Heap after GC invocations=49 (full 4):
 PSYoungGen      total 22016K, used 192K [0x00000000eab00000, 0x00000000ed480000, 0x0000000100000000)
  eden space 21504K, 0% used [0x00000000eab00000,0x00000000eab00000,0x00000000ec000000)
  from space 512K, 37% used [0x00000000ed380000,0x00000000ed3b0000,0x00000000ed400000)
  to   space 512K, 0% used [0x00000000ed400000,0x00000000ed400000,0x00000000ed480000)
 ParOldGen       total 114688K, used 90544K [0x00000000c0000000, 0x00000000c7000000, 0x00000000eab00000)
  object space 114688K, 78% used [0x00000000c0000000,0x00000000c586c0b8,0x00000000c7000000)
 Metaspace       used 54724K, capacity 57884K, committed 58072K, reserved 1101824K
  class space    used 5401K, capacity 6595K, committed 6616K, reserved 1048576K
}
Event: 105667,342 GC heap before
{Heap before GC invocations=50 (full 4):
 PSYoungGen      total 22016K, used 21696K [0x00000000eab00000, 0x00000000ed480000, 0x0000000100000000)
  eden space 21504K, 100% used [0x00000000eab00000,0x00000000ec000000,0x00000000ec000000)
  from space 512K, 37% used [0x00000000ed380000,0x00000000ed3b0000,0x00000000ed400000)
  to   space 512K, 0% used [0x00000000ed400000,0x00000000ed400000,0x00000000ed480000)
 ParOldGen       total 114688K, used 90544K [0x00000000c0000000, 0x00000000c7000000, 0x00000000eab00000)
  object space 114688K, 78% used [0x00000000c0000000,0x00000000c586c0b8,0x00000000c7000000)
 Metaspace       used 54724K, capacity 57884K, committed 58072K, reserved 1101824K
  class space    used 5401K, capacity 6595K, committed 6616K, reserved 1048576K
}
Event: 105667,346 GC heap after
{Heap after GC invocations=50 (full 4):
 PSYoungGen      total 22016K, used 256K [0x00000000eab00000, 0x00000000ed480000, 0x0000000100000000)
  eden space 21504K, 0% used [0x00000000eab00000,0x00000000eab00000,0x00000000ec000000)
  from space 512K, 50% used [0x00000000ed400000,0x00000000ed440000,0x00000000ed480000)
  to   space 512K, 0% used [0x00000000ed380000,0x00000000ed380000,0x00000000ed400000)
 ParOldGen       total 114688K, used 90544K [0x00000000c0000000, 0x00000000c7000000, 0x00000000eab00000)
  object space 114688K, 78% used [0x00000000c0000000,0x00000000c586c0b8,0x00000000c7000000)
 Metaspace       used 54724K, capacity 57884K, committed 58072K, reserved 1101824K
  class space    used 5401K, capacity 6595K, committed 6616K, reserved 1048576K
}
Event: 113266,499 GC heap before
{Heap before GC invocations=51 (full 4):
 PSYoungGen      total 22016K, used 21760K [0x00000000eab00000, 0x00000000ed480000, 0x0000000100000000)
  eden space 21504K, 100% used [0x00000000eab00000,0x00000000ec000000,0x00000000ec000000)
  from space 512K, 50% used [0x00000000ed400000,0x00000000ed440000,0x00000000ed480000)
  to   space 512K, 0% used [0x00000000ed380000,0x00000000ed380000,0x00000000ed400000)
 ParOldGen       total 114688K, used 90544K [0x00000000c0000000, 0x00000000c7000000, 0x00000000eab00000)
  object space 114688K, 78% used [0x00000000c0000000,0x00000000c586c0b8,0x00000000c7000000)
 Metaspace       used 54724K, capacity 57884K, committed 58072K, reserved 1101824K
  class space    used 5401K, capacity 6595K, committed 6616K, reserved 1048576K
}
Event: 113266,502 GC heap after
{Heap after GC invocations=51 (full 4):
 PSYoungGen      total 22016K, used 160K [0x00000000eab00000, 0x00000000ed480000, 0x0000000100000000)
  eden space 21504K, 0% used [0x00000000eab00000,0x00000000eab00000,0x00000000ec000000)
  from space 512K, 31% used [0x00000000ed380000,0x00000000ed3a8000,0x00000000ed400000)
  to   space 512K, 0% used [0x00000000ed400000,0x00000000ed400000,0x00000000ed480000)
 ParOldGen       total 114688K, used 90680K [0x00000000c0000000, 0x00000000c7000000, 0x00000000eab00000)
  object space 114688K, 79% used [0x00000000c0000000,0x00000000c588e0b8,0x00000000c7000000)
 Metaspace       used 54724K, capacity 57884K, committed 58072K, reserved 1101824K
  class space    used 5401K, capacity 6595K, committed 6616K, reserved 1048576K
}
Event: 120910,741 GC heap before
{Heap before GC invocations=52 (full 4):
 PSYoungGen      total 22016K, used 21663K [0x00000000eab00000, 0x00000000ed480000, 0x0000000100000000)
  eden space 21504K, 99% used [0x00000000eab00000,0x00000000ebfffec8,0x00000000ec000000)
  from space 512K, 31% used [0x00000000ed380000,0x00000000ed3a8000,0x00000000ed400000)
  to   space 512K, 0% used [0x00000000ed400000,0x00000000ed400000,0x00000000ed480000)
 ParOldGen       total 114688K, used 90680K [0x00000000c0000000, 0x00000000c7000000, 0x00000000eab00000)
  object space 114688K, 79% used [0x00000000c0000000,0x00000000c588e0b8,0x00000000c7000000)
 Metaspace       used 54726K, capacity 57884K, committed 58072K, reserved 1101824K
  class space    used 5401K, capacity 6595K, committed 6616K, reserved 1048576K
}
Event: 120910,744 GC heap after
{Heap after GC invocations=52 (full 4):
 PSYoungGen      total 22016K, used 128K [0x00000000eab00000, 0x00000000ed480000, 0x0000000100000000)
  eden space 21504K, 0% used [0x00000000eab00000,0x00000000eab00000,0x00000000ec000000)
  from space 512K, 25% used [0x00000000ed400000,0x00000000ed420000,0x00000000ed480000)
  to   space 512K, 0% used [0x00000000ed380000,0x00000000ed380000,0x00000000ed400000)
 ParOldGen       total 114688K, used 90744K [0x00000000c0000000, 0x00000000c7000000, 0x00000000eab00000)
  object space 114688K, 79% used [0x00000000c0000000,0x00000000c589e0b8,0x00000000c7000000)
 Metaspace       used 54726K, capacity 57884K, committed 58072K, reserved 1101824K
  class space    used 5401K, capacity 6595K, committed 6616K, reserved 1048576K
}
Event: 128471,002 GC heap before
{Heap before GC invocations=53 (full 4):
 PSYoungGen      total 22016K, used 21632K [0x00000000eab00000, 0x00000000ed480000, 0x0000000100000000)
  eden space 21504K, 100% used [0x00000000eab00000,0x00000000ec000000,0x00000000ec000000)
  from space 512K, 25% used [0x00000000ed400000,0x00000000ed420000,0x00000000ed480000)
  to   space 512K, 0% used [0x00000000ed380000,0x00000000ed380000,0x00000000ed400000)
 ParOldGen       total 114688K, used 90744K [0x00000000c0000000, 0x00000000c7000000, 0x00000000eab00000)
  object space 114688K, 79% used [0x00000000c0000000,0x00000000c589e0b8,0x00000000c7000000)
 Metaspace       used 54727K, capacity 57884K, committed 58072K, reserved 1101824K
  class space    used 5401K, capacity 6595K, committed 6616K, reserved 1048576K
}
Event: 128471,006 GC heap after
{Heap after GC invocations=53 (full 4):
 PSYoungGen      total 22016K, used 128K [0x00000000eab00000, 0x00000000ed480000, 0x0000000100000000)
  eden space 21504K, 0% used [0x00000000eab00000,0x00000000eab00000,0x00000000ec000000)
  from space 512K, 25% used [0x00000000ed380000,0x00000000ed3a0000,0x00000000ed400000)
  to   space 512K, 0% used [0x00000000ed400000,0x00000000ed400000,0x00000000ed480000)
 ParOldGen       total 114688K, used 90768K [0x00000000c0000000, 0x00000000c7000000, 0x00000000eab00000)
  object space 114688K, 79% used [0x00000000c0000000,0x00000000c58a40b8,0x00000000c7000000)
 Metaspace       used 54727K, capacity 57884K, committed 58072K, reserved 1101824K
  class space    used 5401K, capacity 6595K, committed 6616K, reserved 1048576K
}
Event: 136078,499 GC heap before
{Heap before GC invocations=54 (full 4):
 PSYoungGen      total 22016K, used 21632K [0x00000000eab00000, 0x00000000ed480000, 0x0000000100000000)
  eden space 21504K, 100% used [0x00000000eab00000,0x00000000ec000000,0x00000000ec000000)
  from space 512K, 25% used [0x00000000ed380000,0x00000000ed3a0000,0x00000000ed400000)
  to   space 512K, 0% used [0x00000000ed400000,0x00000000ed400000,0x00000000ed480000)
 ParOldGen       total 114688K, used 90768K [0x00000000c0000000, 0x00000000c7000000, 0x00000000eab00000)
  object space 114688K, 79% used [0x00000000c0000000,0x00000000c58a40b8,0x00000000c7000000)
 Metaspace       used 54727K, capacity 57884K, committed 58072K, reserved 1101824K
  class space    used 5401K, capacity 6595K, committed 6616K, reserved 1048576K
}
Event: 136078,502 GC heap after
{Heap after GC invocations=54 (full 4):
 PSYoungGen      total 22016K, used 128K [0x00000000eab00000, 0x00000000ed480000, 0x0000000100000000)
  eden space 21504K, 0% used [0x00000000eab00000,0x00000000eab00000,0x00000000ec000000)
  from space 512K, 25% used [0x00000000ed400000,0x00000000ed420000,0x00000000ed480000)
  to   space 512K, 0% used [0x00000000ed380000,0x00000000ed380000,0x00000000ed400000)
 ParOldGen       total 114688K, used 90792K [0x00000000c0000000, 0x00000000c7000000, 0x00000000eab00000)
  object space 114688K, 79% used [0x00000000c0000000,0x00000000c58aa0b8,0x00000000c7000000)
 Metaspace       used 54727K, capacity 57884K, committed 58072K, reserved 1101824K
  class space    used 5401K, capacity 6595K, committed 6616K, reserved 1048576K
}
Event: 143728,499 GC heap before
{Heap before GC invocations=55 (full 4):
 PSYoungGen      total 22016K, used 21632K [0x00000000eab00000, 0x00000000ed480000, 0x0000000100000000)
  eden space 21504K, 100% used [0x00000000eab00000,0x00000000ec000000,0x00000000ec000000)
  from space 512K, 25% used [0x00000000ed400000,0x00000000ed420000,0x00000000ed480000)
  to   space 512K, 0% used [0x00000000ed380000,0x00000000ed380000,0x00000000ed400000)
 ParOldGen       total 114688K, used 90792K [0x00000000c0000000, 0x00000000c7000000, 0x00000000eab00000)
  object space 114688K, 79% used [0x00000000c0000000,0x00000000c58aa0b8,0x00000000c7000000)
 Metaspace       used 54727K, capacity 57884K, committed 58072K, reserved 1101824K
  class space    used 5401K, capacity 6595K, committed 6616K, reserved 1048576K
}
Event: 143728,502 GC heap after
{Heap after GC invocations=55 (full 4):
 PSYoungGen      total 22016K, used 128K [0x00000000eab00000, 0x00000000ed480000, 0x0000000100000000)
  eden space 21504K, 0% used [0x00000000eab00000,0x00000000eab00000,0x00000000ec000000)
  from space 512K, 25% used [0x00000000ed380000,0x00000000ed3a0000,0x00000000ed400000)
  to   space 512K, 0% used [0x00000000ed400000,0x00000000ed400000,0x00000000ed480000)
 ParOldGen       total 114688K, used 90808K [0x00000000c0000000, 0x00000000c7000000, 0x00000000eab00000)
  object space 114688K, 79% used [0x00000000c0000000,0x00000000c58ae0b8,0x00000000c7000000)
 Metaspace       used 54727K, capacity 57884K, committed 58072K, reserved 1101824K
  class space    used 5401K, capacity 6595K, committed 6616K, reserved 1048576K
}
Event: 151332,227 GC heap before
{Heap before GC invocations=56 (full 4):
 PSYoungGen      total 22016K, used 21632K [0x00000000eab00000, 0x00000000ed480000, 0x0000000100000000)
  eden space 21504K, 100% used [0x00000000eab00000,0x00000000ec000000,0x00000000ec000000)
  from space 512K, 25% used [0x00000000ed380000,0x00000000ed3a0000,0x00000000ed400000)
  to   space 512K, 0% used [0x00000000ed400000,0x00000000ed400000,0x00000000ed480000)
 ParOldGen       total 114688K, used 90808K [0x00000000c0000000, 0x00000000c7000000, 0x00000000eab00000)
  object space 114688K, 79% used [0x00000000c0000000,0x00000000c58ae0b8,0x00000000c7000000)
 Metaspace       used 54728K, capacity 57884K, committed 58072K, reserved 1101824K
  class space    used 5401K, capacity 6595K, committed 6616K, reserved 1048576K
}
Event: 151332,230 GC heap after
{Heap after GC invocations=56 (full 4):
 PSYoungGen      total 22016K, used 128K [0x00000000eab00000, 0x00000000ed480000, 0x0000000100000000)
  eden space 21504K, 0% used [0x00000000eab00000,0x00000000eab00000,0x00000000ec000000)
  from space 512K, 25% used [0x00000000ed400000,0x00000000ed420000,0x00000000ed480000)
  to   space 512K, 0% used [0x00000000ed380000,0x00000000ed380000,0x00000000ed400000)
 ParOldGen       total 114688K, used 90832K [0x00000000c0000000, 0x00000000c7000000, 0x00000000eab00000)
  object space 114688K, 79% used [0x00000000c0000000,0x00000000c58b40b8,0x00000000c7000000)
 Metaspace       used 54728K, capacity 57884K, committed 58072K, reserved 1101824K
  class space    used 5401K, capacity 6595K, committed 6616K, reserved 1048576K
}

